[2019-08-01 10:56:29 +0800] [4754] [DEBUG] Current configuration:
  config: gun_conf.py
  bind: ['0.0.0.0:5000']
  backlog: 2048
  workers: 2
  worker_class: gevent
  threads: 1
  worker_connections: 1000
  max_requests: 0
  max_requests_jitter: 0
  timeout: 30
  graceful_timeout: 30
  keepalive: 2
  limit_request_line: 4094
  limit_request_fields: 100
  limit_request_field_size: 8190
  reload: True
  reload_engine: auto
  reload_extra_files: []
  spew: False
  check_config: False
  preload_app: False
  sendfile: None
  reuse_port: False
  chdir: /home/yons/develop/AI/text_detection/chineseocr/app
  daemon: True
  raw_env: []
  pidfile: None
  worker_tmp_dir: None
  user: 1000
  group: 1000
  umask: 0
  initgroups: False
  tmp_upload_dir: None
  secure_scheme_headers: {'X-FORWARDED-PROTOCOL': 'ssl', 'X-FORWARDED-PROTO': 'https', 'X-FORWARDED-SSL': 'on'}
  forwarded_allow_ips: ['127.0.0.1']
  accesslog: log/gunicorn_access.log
  disable_redirect_access_to_syslog: False
  access_log_format: %(t)s %(p)s %(h)s "%(r)s" %(s)s %(L)s %(b)s %(f)s" "%(a)s"
  errorlog: log/gunicorn_error.log
  loglevel: debug
  capture_output: False
  logger_class: gunicorn.glogging.Logger
  logconfig: None
  logconfig_dict: {}
  syslog_addr: udp://localhost:514
  syslog: False
  syslog_prefix: None
  syslog_facility: user
  enable_stdio_inheritance: False
  statsd_host: None
  statsd_prefix: 
  proc_name: gunicorn.proc
  default_proc_name: request_server
  pythonpath: None
  paste: None
  on_starting: <function OnStarting.on_starting at 0x7fb57bce9730>
  on_reload: <function OnReload.on_reload at 0x7fb57bce9840>
  when_ready: <function WhenReady.when_ready at 0x7fb57bce9950>
  pre_fork: <function Prefork.pre_fork at 0x7fb57bce9a60>
  post_fork: <function Postfork.post_fork at 0x7fb57bce9b70>
  post_worker_init: <function PostWorkerInit.post_worker_init at 0x7fb57bce9c80>
  worker_int: <function WorkerInt.worker_int at 0x7fb57bce9d90>
  worker_abort: <function WorkerAbort.worker_abort at 0x7fb57bce9ea0>
  pre_exec: <function PreExec.pre_exec at 0x7fb57bcff048>
  pre_request: <function PreRequest.pre_request at 0x7fb57bcff158>
  post_request: <function PostRequest.post_request at 0x7fb57bcff1e0>
  child_exit: <function ChildExit.child_exit at 0x7fb57bcff2f0>
  worker_exit: <function WorkerExit.worker_exit at 0x7fb57bcff400>
  nworkers_changed: <function NumWorkersChanged.nworkers_changed at 0x7fb57bcff510>
  on_exit: <function OnExit.on_exit at 0x7fb57bcff620>
  proxy_protocol: False
  proxy_allow_ips: ['127.0.0.1']
  keyfile: None
  certfile: None
  ssl_version: 2
  cert_reqs: 0
  ca_certs: None
  suppress_ragged_eofs: True
  do_handshake_on_connect: False
  ciphers: TLSv1
  raw_paste_global_conf: []
[2019-08-01 10:56:29 +0800] [4754] [INFO] Starting gunicorn 19.9.0
[2019-08-01 10:56:29 +0800] [4754] [DEBUG] Arbiter booted
[2019-08-01 10:56:29 +0800] [4754] [INFO] Listening at: http://0.0.0.0:5000 (4754)
[2019-08-01 10:56:29 +0800] [4754] [INFO] Using worker: gevent
[2019-08-01 10:56:29 +0800] [4759] [INFO] Booting worker with pid: 4759
[2019-08-01 10:56:29 +0800] [4774] [INFO] Booting worker with pid: 4774
[2019-08-01 10:56:29 +0800] [4754] [DEBUG] 2 workers
[2019-08-01 10:56:29 +0800] [4759] [DEBUG] Exception while loading the application
Traceback (most recent call last):
  File "/home/yons/anaconda3/envs/tensorflow-gpu/lib/python3.6/site-packages/gunicorn/util.py", line 362, in import_app
    app = eval(obj, vars(mod))
  File "<string>", line 1, in <module>
NameError: name 'application' is not defined

During handling of the above exception, another exception occurred:

Traceback (most recent call last):
  File "/home/yons/anaconda3/envs/tensorflow-gpu/lib/python3.6/site-packages/gunicorn/arbiter.py", line 583, in spawn_worker
    worker.init_process()
  File "/home/yons/anaconda3/envs/tensorflow-gpu/lib/python3.6/site-packages/gunicorn/workers/ggevent.py", line 203, in init_process
    super(GeventWorker, self).init_process()
  File "/home/yons/anaconda3/envs/tensorflow-gpu/lib/python3.6/site-packages/gunicorn/workers/base.py", line 129, in init_process
    self.load_wsgi()
  File "/home/yons/anaconda3/envs/tensorflow-gpu/lib/python3.6/site-packages/gunicorn/workers/base.py", line 138, in load_wsgi
    self.wsgi = self.app.wsgi()
  File "/home/yons/anaconda3/envs/tensorflow-gpu/lib/python3.6/site-packages/gunicorn/app/base.py", line 67, in wsgi
    self.callable = self.load()
  File "/home/yons/anaconda3/envs/tensorflow-gpu/lib/python3.6/site-packages/gunicorn/app/wsgiapp.py", line 52, in load
    return self.load_wsgiapp()
  File "/home/yons/anaconda3/envs/tensorflow-gpu/lib/python3.6/site-packages/gunicorn/app/wsgiapp.py", line 41, in load_wsgiapp
    return util.import_app(self.app_uri)
  File "/home/yons/anaconda3/envs/tensorflow-gpu/lib/python3.6/site-packages/gunicorn/util.py", line 366, in import_app
    raise AppImportError("Failed to find application object %r in %r" % (obj, module))
gunicorn.errors.AppImportError: Failed to find application object 'application' in 'request_server'
[2019-08-01 10:56:29 +0800] [4759] [INFO] Worker exiting (pid: 4759)
[2019-08-01 10:56:29 +0800] [4774] [DEBUG] Exception while loading the application
Traceback (most recent call last):
  File "/home/yons/anaconda3/envs/tensorflow-gpu/lib/python3.6/site-packages/gunicorn/util.py", line 362, in import_app
    app = eval(obj, vars(mod))
  File "<string>", line 1, in <module>
NameError: name 'application' is not defined

During handling of the above exception, another exception occurred:

Traceback (most recent call last):
  File "/home/yons/anaconda3/envs/tensorflow-gpu/lib/python3.6/site-packages/gunicorn/arbiter.py", line 583, in spawn_worker
    worker.init_process()
  File "/home/yons/anaconda3/envs/tensorflow-gpu/lib/python3.6/site-packages/gunicorn/workers/ggevent.py", line 203, in init_process
    super(GeventWorker, self).init_process()
  File "/home/yons/anaconda3/envs/tensorflow-gpu/lib/python3.6/site-packages/gunicorn/workers/base.py", line 129, in init_process
    self.load_wsgi()
  File "/home/yons/anaconda3/envs/tensorflow-gpu/lib/python3.6/site-packages/gunicorn/workers/base.py", line 138, in load_wsgi
    self.wsgi = self.app.wsgi()
  File "/home/yons/anaconda3/envs/tensorflow-gpu/lib/python3.6/site-packages/gunicorn/app/base.py", line 67, in wsgi
    self.callable = self.load()
  File "/home/yons/anaconda3/envs/tensorflow-gpu/lib/python3.6/site-packages/gunicorn/app/wsgiapp.py", line 52, in load
    return self.load_wsgiapp()
  File "/home/yons/anaconda3/envs/tensorflow-gpu/lib/python3.6/site-packages/gunicorn/app/wsgiapp.py", line 41, in load_wsgiapp
    return util.import_app(self.app_uri)
  File "/home/yons/anaconda3/envs/tensorflow-gpu/lib/python3.6/site-packages/gunicorn/util.py", line 366, in import_app
    raise AppImportError("Failed to find application object %r in %r" % (obj, module))
gunicorn.errors.AppImportError: Failed to find application object 'application' in 'request_server'
[2019-08-01 10:56:29 +0800] [4774] [INFO] Worker exiting (pid: 4774)
[2019-08-01 10:58:51 +0800] [29802] [DEBUG] Current configuration:
  config: gun_conf.py
  bind: ['0.0.0.0:5000']
  backlog: 2048
  workers: 2
  worker_class: gevent
  threads: 1
  worker_connections: 1000
  max_requests: 0
  max_requests_jitter: 0
  timeout: 30
  graceful_timeout: 30
  keepalive: 2
  limit_request_line: 4094
  limit_request_fields: 100
  limit_request_field_size: 8190
  reload: True
  reload_engine: auto
  reload_extra_files: []
  spew: False
  check_config: False
  preload_app: False
  sendfile: None
  reuse_port: False
  chdir: /home/yons/develop/AI/text_detection/chineseocr/app
  daemon: True
  raw_env: []
  pidfile: None
  worker_tmp_dir: None
  user: 1000
  group: 1000
  umask: 0
  initgroups: False
  tmp_upload_dir: None
  secure_scheme_headers: {'X-FORWARDED-PROTOCOL': 'ssl', 'X-FORWARDED-PROTO': 'https', 'X-FORWARDED-SSL': 'on'}
  forwarded_allow_ips: ['127.0.0.1']
  accesslog: log/gunicorn_access.log
  disable_redirect_access_to_syslog: False
  access_log_format: %(t)s %(p)s %(h)s "%(r)s" %(s)s %(L)s %(b)s %(f)s" "%(a)s"
  errorlog: log/gunicorn_error.log
  loglevel: debug
  capture_output: False
  logger_class: gunicorn.glogging.Logger
  logconfig: None
  logconfig_dict: {}
  syslog_addr: udp://localhost:514
  syslog: False
  syslog_prefix: None
  syslog_facility: user
  enable_stdio_inheritance: False
  statsd_host: None
  statsd_prefix: 
  proc_name: gunicorn.proc
  default_proc_name: request_server:app
  pythonpath: None
  paste: None
  on_starting: <function OnStarting.on_starting at 0x7f60a3e07730>
  on_reload: <function OnReload.on_reload at 0x7f60a3e07840>
  when_ready: <function WhenReady.when_ready at 0x7f60a3e07950>
  pre_fork: <function Prefork.pre_fork at 0x7f60a3e07a60>
  post_fork: <function Postfork.post_fork at 0x7f60a3e07b70>
  post_worker_init: <function PostWorkerInit.post_worker_init at 0x7f60a3e07c80>
  worker_int: <function WorkerInt.worker_int at 0x7f60a3e07d90>
  worker_abort: <function WorkerAbort.worker_abort at 0x7f60a3e07ea0>
  pre_exec: <function PreExec.pre_exec at 0x7f60a3e1d048>
  pre_request: <function PreRequest.pre_request at 0x7f60a3e1d158>
  post_request: <function PostRequest.post_request at 0x7f60a3e1d1e0>
  child_exit: <function ChildExit.child_exit at 0x7f60a3e1d2f0>
  worker_exit: <function WorkerExit.worker_exit at 0x7f60a3e1d400>
  nworkers_changed: <function NumWorkersChanged.nworkers_changed at 0x7f60a3e1d510>
  on_exit: <function OnExit.on_exit at 0x7f60a3e1d620>
  proxy_protocol: False
  proxy_allow_ips: ['127.0.0.1']
  keyfile: None
  certfile: None
  ssl_version: 2
  cert_reqs: 0
  ca_certs: None
  suppress_ragged_eofs: True
  do_handshake_on_connect: False
  ciphers: TLSv1
  raw_paste_global_conf: []
[2019-08-01 10:58:51 +0800] [29802] [INFO] Starting gunicorn 19.9.0
[2019-08-01 10:58:51 +0800] [29802] [DEBUG] Arbiter booted
[2019-08-01 10:58:51 +0800] [29802] [INFO] Listening at: http://0.0.0.0:5000 (29802)
[2019-08-01 10:58:51 +0800] [29802] [INFO] Using worker: gevent
[2019-08-01 10:58:51 +0800] [29807] [INFO] Booting worker with pid: 29807
[2019-08-01 10:58:51 +0800] [29814] [INFO] Booting worker with pid: 29814
[2019-08-01 10:58:51 +0800] [29802] [DEBUG] 2 workers
[2019-08-01 10:59:12 +0800] [29814] [DEBUG] POST /image2text
[2019-08-01 10:59:20 +0800] [29814] [DEBUG] Closing connection. 
[2019-08-01 11:04:22 +0800] [29814] [DEBUG] POST /image2text
[2019-08-01 11:04:27 +0800] [29814] [DEBUG] Closing connection. 
[2019-08-01 11:07:21 +0800] [29807] [DEBUG] POST /image2text
[2019-08-01 11:07:23 +0800] [29814] [DEBUG] POST /image2text
[2019-08-01 11:07:25 +0800] [29807] [DEBUG] Closing connection. 
[2019-08-01 11:07:30 +0800] [29814] [DEBUG] Closing connection. 
[2019-08-01 11:11:55 +0800] [29814] [INFO] Worker reloading: /home/yons/develop/AI/text_detection/chineseocr/app/request_server.py modified
[2019-08-01 11:11:55 +0800] [29814] [INFO] Worker exiting (pid: 29814)
[2019-08-01 11:11:55 +0800] [13844] [INFO] Booting worker with pid: 13844
[2019-08-01 11:11:56 +0800] [29807] [INFO] Worker reloading: /home/yons/develop/AI/text_detection/chineseocr/app/request_server.py modified
[2019-08-01 11:11:56 +0800] [29807] [INFO] Worker exiting (pid: 29807)
[2019-08-01 11:11:56 +0800] [13953] [INFO] Booting worker with pid: 13953
[2019-08-01 11:12:21 +0800] [13953] [INFO] Worker reloading: /home/yons/develop/AI/text_detection/chineseocr/app/request_server.py modified
[2019-08-01 11:12:21 +0800] [13953] [INFO] Worker exiting (pid: 13953)
[2019-08-01 11:12:21 +0800] [18498] [INFO] Booting worker with pid: 18498
[2019-08-01 11:12:21 +0800] [13844] [INFO] Worker reloading: /home/yons/develop/AI/text_detection/chineseocr/app/request_server.py modified
[2019-08-01 11:12:21 +0800] [13844] [INFO] Worker exiting (pid: 13844)
[2019-08-01 11:12:21 +0800] [18595] [INFO] Booting worker with pid: 18595
[2019-08-01 11:13:29 +0800] [18498] [DEBUG] POST /image2text
[2019-08-01 11:13:30 +0800] [18595] [DEBUG] POST /image2text
[2019-08-01 11:13:37 +0800] [18498] [DEBUG] Closing connection. 
[2019-08-01 11:13:39 +0800] [18595] [DEBUG] Closing connection. 
[2019-08-01 11:14:26 +0800] [18595] [INFO] Parent changed, shutting down: <Worker 18595>
[2019-08-01 11:14:26 +0800] [18595] [INFO] Worker exiting (pid: 18595)
[2019-08-01 11:14:26 +0800] [18498] [INFO] Parent changed, shutting down: <Worker 18498>
[2019-08-01 11:14:26 +0800] [18498] [INFO] Worker exiting (pid: 18498)
[2019-08-01 11:14:31 +0800] [9602] [DEBUG] Current configuration:
  config: gun_conf.py
  bind: ['0.0.0.0:5000']
  backlog: 2048
  workers: 8
  worker_class: gevent
  threads: 1
  worker_connections: 1000
  max_requests: 0
  max_requests_jitter: 0
  timeout: 30
  graceful_timeout: 30
  keepalive: 2
  limit_request_line: 4094
  limit_request_fields: 100
  limit_request_field_size: 8190
  reload: True
  reload_engine: auto
  reload_extra_files: []
  spew: False
  check_config: False
  preload_app: False
  sendfile: None
  reuse_port: False
  chdir: /home/yons/develop/AI/text_detection/chineseocr/app
  daemon: True
  raw_env: []
  pidfile: None
  worker_tmp_dir: None
  user: 1000
  group: 1000
  umask: 0
  initgroups: False
  tmp_upload_dir: None
  secure_scheme_headers: {'X-FORWARDED-PROTOCOL': 'ssl', 'X-FORWARDED-PROTO': 'https', 'X-FORWARDED-SSL': 'on'}
  forwarded_allow_ips: ['127.0.0.1']
  accesslog: log/gunicorn_access.log
  disable_redirect_access_to_syslog: False
  access_log_format: %(t)s %(p)s %(h)s "%(r)s" %(s)s %(L)s %(b)s %(f)s" "%(a)s"
  errorlog: log/gunicorn_error.log
  loglevel: debug
  capture_output: False
  logger_class: gunicorn.glogging.Logger
  logconfig: None
  logconfig_dict: {}
  syslog_addr: udp://localhost:514
  syslog: False
  syslog_prefix: None
  syslog_facility: user
  enable_stdio_inheritance: False
  statsd_host: None
  statsd_prefix: 
  proc_name: gunicorn.proc
  default_proc_name: request_server:app
  pythonpath: None
  paste: None
  on_starting: <function OnStarting.on_starting at 0x7f57f9484730>
  on_reload: <function OnReload.on_reload at 0x7f57f9484840>
  when_ready: <function WhenReady.when_ready at 0x7f57f9484950>
  pre_fork: <function Prefork.pre_fork at 0x7f57f9484a60>
  post_fork: <function Postfork.post_fork at 0x7f57f9484b70>
  post_worker_init: <function PostWorkerInit.post_worker_init at 0x7f57f9484c80>
  worker_int: <function WorkerInt.worker_int at 0x7f57f9484d90>
  worker_abort: <function WorkerAbort.worker_abort at 0x7f57f9484ea0>
  pre_exec: <function PreExec.pre_exec at 0x7f57f949a048>
  pre_request: <function PreRequest.pre_request at 0x7f57f949a158>
  post_request: <function PostRequest.post_request at 0x7f57f949a1e0>
  child_exit: <function ChildExit.child_exit at 0x7f57f949a2f0>
  worker_exit: <function WorkerExit.worker_exit at 0x7f57f949a400>
  nworkers_changed: <function NumWorkersChanged.nworkers_changed at 0x7f57f949a510>
  on_exit: <function OnExit.on_exit at 0x7f57f949a620>
  proxy_protocol: False
  proxy_allow_ips: ['127.0.0.1']
  keyfile: None
  certfile: None
  ssl_version: 2
  cert_reqs: 0
  ca_certs: None
  suppress_ragged_eofs: True
  do_handshake_on_connect: False
  ciphers: TLSv1
  raw_paste_global_conf: []
[2019-08-01 11:14:31 +0800] [9602] [INFO] Starting gunicorn 19.9.0
[2019-08-01 11:14:31 +0800] [9602] [DEBUG] Arbiter booted
[2019-08-01 11:14:31 +0800] [9602] [INFO] Listening at: http://0.0.0.0:5000 (9602)
[2019-08-01 11:14:31 +0800] [9602] [INFO] Using worker: gevent
[2019-08-01 11:14:31 +0800] [9607] [INFO] Booting worker with pid: 9607
[2019-08-01 11:14:31 +0800] [9614] [INFO] Booting worker with pid: 9614
[2019-08-01 11:14:31 +0800] [9616] [INFO] Booting worker with pid: 9616
[2019-08-01 11:14:31 +0800] [9623] [INFO] Booting worker with pid: 9623
[2019-08-01 11:14:31 +0800] [9635] [INFO] Booting worker with pid: 9635
[2019-08-01 11:14:31 +0800] [9657] [INFO] Booting worker with pid: 9657
[2019-08-01 11:14:31 +0800] [9666] [INFO] Booting worker with pid: 9666
[2019-08-01 11:14:31 +0800] [9684] [INFO] Booting worker with pid: 9684
[2019-08-01 11:14:31 +0800] [9602] [DEBUG] 8 workers
[2019-08-01 11:14:37 +0800] [9623] [DEBUG] POST /image2text
[2019-08-01 11:14:39 +0800] [9666] [DEBUG] POST /image2text
[2019-08-01 11:14:46 +0800] [9623] [DEBUG] Closing connection. 
[2019-08-01 11:14:49 +0800] [9666] [DEBUG] Closing connection. 
[2019-08-01 11:17:40 +0800] [9616] [DEBUG] POST /image2text
[2019-08-01 11:18:00 +0800] [9616] [DEBUG] Closing connection. 
[2019-08-01 11:25:57 +0800] [9666] [DEBUG] POST /image2text
[2019-08-01 11:25:58 +0800] [9666] [DEBUG] Closing connection. 
[2019-08-01 11:27:09 +0800] [9657] [DEBUG] POST /image2text
[2019-08-01 11:27:16 +0800] [9657] [DEBUG] Closing connection. 
[2019-08-01 11:29:44 +0800] [9666] [DEBUG] POST /image2text
[2019-08-01 11:29:48 +0800] [9666] [DEBUG] Closing connection. 
[2019-08-01 11:31:33 +0800] [9607] [INFO] Worker reloading: /home/yons/develop/AI/text_detection/chineseocr/apphelper/tools.py modified
[2019-08-01 11:31:33 +0800] [9614] [INFO] Worker reloading: /home/yons/develop/AI/text_detection/chineseocr/apphelper/tools.py modified
[2019-08-01 11:31:33 +0800] [9607] [INFO] Worker exiting (pid: 9607)
[2019-08-01 11:31:33 +0800] [9614] [INFO] Worker exiting (pid: 9614)
[2019-08-01 11:31:33 +0800] [2177] [INFO] Booting worker with pid: 2177
[2019-08-01 11:31:33 +0800] [9602] [DEBUG] 7 workers
[2019-08-01 11:31:33 +0800] [2206] [INFO] Booting worker with pid: 2206
[2019-08-01 11:31:33 +0800] [9635] [INFO] Worker reloading: /home/yons/develop/AI/text_detection/chineseocr/apphelper/tools.py modified
[2019-08-01 11:31:33 +0800] [9635] [INFO] Worker exiting (pid: 9635)
[2019-08-01 11:31:33 +0800] [9623] [INFO] Worker reloading: /home/yons/develop/AI/text_detection/chineseocr/apphelper/tools.py modified
[2019-08-01 11:31:33 +0800] [9623] [INFO] Worker exiting (pid: 9623)
[2019-08-01 11:31:33 +0800] [9602] [DEBUG] 6 workers
[2019-08-01 11:31:33 +0800] [2246] [INFO] Booting worker with pid: 2246
[2019-08-01 11:31:33 +0800] [2253] [INFO] Booting worker with pid: 2253
[2019-08-01 11:31:33 +0800] [9657] [INFO] Worker reloading: /home/yons/develop/AI/text_detection/chineseocr/apphelper/tools.py modified
[2019-08-01 11:31:33 +0800] [9657] [INFO] Worker exiting (pid: 9657)
[2019-08-01 11:31:33 +0800] [9616] [INFO] Worker reloading: /home/yons/develop/AI/text_detection/chineseocr/apphelper/tools.py modified
[2019-08-01 11:31:33 +0800] [9616] [INFO] Worker exiting (pid: 9616)
[2019-08-01 11:31:33 +0800] [9602] [DEBUG] 8 workers
[2019-08-01 11:31:33 +0800] [2293] [INFO] Booting worker with pid: 2293
[2019-08-01 11:31:33 +0800] [9602] [DEBUG] 7 workers
[2019-08-01 11:31:33 +0800] [2310] [INFO] Booting worker with pid: 2310
[2019-08-01 11:31:33 +0800] [9684] [INFO] Worker reloading: /home/yons/develop/AI/text_detection/chineseocr/apphelper/tools.py modified
[2019-08-01 11:31:33 +0800] [9684] [INFO] Worker exiting (pid: 9684)
[2019-08-01 11:31:33 +0800] [9602] [DEBUG] 8 workers
[2019-08-01 11:31:33 +0800] [2319] [INFO] Booting worker with pid: 2319
[2019-08-01 11:31:33 +0800] [9666] [INFO] Worker reloading: /home/yons/develop/AI/text_detection/chineseocr/apphelper/tools.py modified
[2019-08-01 11:31:33 +0800] [9666] [INFO] Worker exiting (pid: 9666)
[2019-08-01 11:31:34 +0800] [2428] [INFO] Booting worker with pid: 2428
[2019-08-01 11:31:48 +0800] [2428] [INFO] Worker reloading: /home/yons/develop/AI/text_detection/chineseocr/apphelper/tools.py modified
[2019-08-01 11:31:48 +0800] [2428] [INFO] Worker exiting (pid: 2428)
[2019-08-01 11:31:48 +0800] [5301] [INFO] Booting worker with pid: 5301
[2019-08-01 11:31:48 +0800] [2177] [INFO] Worker reloading: /home/yons/develop/AI/text_detection/chineseocr/apphelper/tools.py modified
[2019-08-01 11:31:48 +0800] [2206] [INFO] Worker reloading: /home/yons/develop/AI/text_detection/chineseocr/apphelper/tools.py modified
[2019-08-01 11:31:48 +0800] [2177] [INFO] Worker exiting (pid: 2177)
[2019-08-01 11:31:48 +0800] [2246] [INFO] Worker reloading: /home/yons/develop/AI/text_detection/chineseocr/apphelper/tools.py modified
[2019-08-01 11:31:48 +0800] [2253] [INFO] Worker reloading: /home/yons/develop/AI/text_detection/chineseocr/apphelper/tools.py modified
[2019-08-01 11:31:48 +0800] [5391] [INFO] Booting worker with pid: 5391
[2019-08-01 11:31:48 +0800] [2206] [INFO] Worker exiting (pid: 2206)
[2019-08-01 11:31:48 +0800] [5400] [INFO] Booting worker with pid: 5400
[2019-08-01 11:31:48 +0800] [2293] [INFO] Worker reloading: /home/yons/develop/AI/text_detection/chineseocr/apphelper/tools.py modified
[2019-08-01 11:31:48 +0800] [2246] [INFO] Worker exiting (pid: 2246)
[2019-08-01 11:31:48 +0800] [2310] [INFO] Worker reloading: /home/yons/develop/AI/text_detection/chineseocr/apphelper/tools.py modified
[2019-08-01 11:31:48 +0800] [2253] [INFO] Worker exiting (pid: 2253)
[2019-08-01 11:31:48 +0800] [5421] [INFO] Booting worker with pid: 5421
[2019-08-01 11:31:48 +0800] [2319] [INFO] Worker reloading: /home/yons/develop/AI/text_detection/chineseocr/apphelper/tools.py modified
[2019-08-01 11:31:48 +0800] [9602] [DEBUG] 7 workers
[2019-08-01 11:31:48 +0800] [5434] [INFO] Booting worker with pid: 5434
[2019-08-01 11:31:48 +0800] [2293] [INFO] Worker exiting (pid: 2293)
[2019-08-01 11:31:48 +0800] [9602] [DEBUG] 8 workers
[2019-08-01 11:31:48 +0800] [5445] [INFO] Booting worker with pid: 5445
[2019-08-01 11:31:48 +0800] [2310] [INFO] Worker exiting (pid: 2310)
[2019-08-01 11:31:48 +0800] [2319] [INFO] Worker exiting (pid: 2319)
[2019-08-01 11:31:48 +0800] [9602] [DEBUG] 7 workers
[2019-08-01 11:31:48 +0800] [5455] [INFO] Booting worker with pid: 5455
[2019-08-01 11:31:48 +0800] [5468] [INFO] Booting worker with pid: 5468
[2019-08-01 11:31:49 +0800] [9602] [DEBUG] 8 workers
[2019-08-01 11:32:33 +0800] [5301] [DEBUG] POST /image2text
[2019-08-01 11:32:37 +0800] [5301] [DEBUG] Closing connection. 
[2019-08-01 11:33:08 +0800] [5391] [INFO] Worker reloading: /home/yons/develop/AI/text_detection/chineseocr/app/request_server.py modified
[2019-08-01 11:33:08 +0800] [5400] [INFO] Worker reloading: /home/yons/develop/AI/text_detection/chineseocr/app/request_server.py modified
[2019-08-01 11:33:08 +0800] [5391] [INFO] Worker exiting (pid: 5391)
[2019-08-01 11:33:08 +0800] [5400] [INFO] Worker exiting (pid: 5400)
[2019-08-01 11:33:08 +0800] [19639] [INFO] Booting worker with pid: 19639
[2019-08-01 11:33:08 +0800] [9602] [DEBUG] 7 workers
[2019-08-01 11:33:08 +0800] [19655] [INFO] Booting worker with pid: 19655
[2019-08-01 11:33:08 +0800] [9602] [DEBUG] 8 workers
[2019-08-01 11:33:08 +0800] [5421] [INFO] Worker reloading: /home/yons/develop/AI/text_detection/chineseocr/app/request_server.py modified
[2019-08-01 11:33:08 +0800] [5421] [INFO] Worker exiting (pid: 5421)
[2019-08-01 11:33:08 +0800] [5434] [INFO] Worker reloading: /home/yons/develop/AI/text_detection/chineseocr/app/request_server.py modified
[2019-08-01 11:33:09 +0800] [19667] [INFO] Booting worker with pid: 19667
[2019-08-01 11:33:09 +0800] [5434] [INFO] Worker exiting (pid: 5434)
[2019-08-01 11:33:09 +0800] [5445] [INFO] Worker reloading: /home/yons/develop/AI/text_detection/chineseocr/app/request_server.py modified
[2019-08-01 11:33:09 +0800] [9602] [DEBUG] 7 workers
[2019-08-01 11:33:09 +0800] [19683] [INFO] Booting worker with pid: 19683
[2019-08-01 11:33:09 +0800] [5445] [INFO] Worker exiting (pid: 5445)
[2019-08-01 11:33:09 +0800] [5455] [INFO] Worker reloading: /home/yons/develop/AI/text_detection/chineseocr/app/request_server.py modified
[2019-08-01 11:33:09 +0800] [9602] [DEBUG] 8 workers
[2019-08-01 11:33:09 +0800] [5455] [INFO] Worker exiting (pid: 5455)
[2019-08-01 11:33:09 +0800] [19695] [INFO] Booting worker with pid: 19695
[2019-08-01 11:33:09 +0800] [5468] [INFO] Worker reloading: /home/yons/develop/AI/text_detection/chineseocr/app/request_server.py modified
[2019-08-01 11:33:09 +0800] [19703] [INFO] Booting worker with pid: 19703
[2019-08-01 11:33:09 +0800] [5468] [INFO] Worker exiting (pid: 5468)
[2019-08-01 11:33:09 +0800] [19714] [INFO] Booting worker with pid: 19714
[2019-08-01 11:33:09 +0800] [5301] [INFO] Worker reloading: /home/yons/develop/AI/text_detection/chineseocr/app/request_server.py modified
[2019-08-01 11:33:09 +0800] [5301] [INFO] Worker exiting (pid: 5301)
[2019-08-01 11:33:09 +0800] [19786] [INFO] Booting worker with pid: 19786
[2019-08-01 11:33:10 +0800] [19703] [DEBUG] POST /image2text
[2019-08-01 11:33:14 +0800] [19703] [DEBUG] Closing connection. 
[2019-08-01 11:33:20 +0800] [19786] [DEBUG] POST /image2text
[2019-08-01 11:33:26 +0800] [19786] [DEBUG] Closing connection. 
[2019-08-01 11:49:45 +0800] [19786] [INFO] Parent changed, shutting down: <Worker 19786>
[2019-08-01 11:49:45 +0800] [19786] [INFO] Worker exiting (pid: 19786)
[2019-08-01 11:49:45 +0800] [19639] [INFO] Parent changed, shutting down: <Worker 19639>
[2019-08-01 11:49:45 +0800] [19639] [INFO] Worker exiting (pid: 19639)
[2019-08-01 11:49:45 +0800] [19655] [INFO] Parent changed, shutting down: <Worker 19655>
[2019-08-01 11:49:45 +0800] [19655] [INFO] Worker exiting (pid: 19655)
[2019-08-01 11:49:46 +0800] [19667] [INFO] Parent changed, shutting down: <Worker 19667>
[2019-08-01 11:49:46 +0800] [19667] [INFO] Worker exiting (pid: 19667)
[2019-08-01 11:49:46 +0800] [19683] [INFO] Parent changed, shutting down: <Worker 19683>
[2019-08-01 11:49:46 +0800] [19683] [INFO] Worker exiting (pid: 19683)
[2019-08-01 11:49:46 +0800] [19695] [INFO] Parent changed, shutting down: <Worker 19695>
[2019-08-01 11:49:46 +0800] [19695] [INFO] Worker exiting (pid: 19695)
[2019-08-01 11:49:46 +0800] [19714] [INFO] Parent changed, shutting down: <Worker 19714>
[2019-08-01 11:49:46 +0800] [19714] [INFO] Worker exiting (pid: 19714)
[2019-08-01 11:49:46 +0800] [19703] [INFO] Parent changed, shutting down: <Worker 19703>
[2019-08-01 11:49:46 +0800] [19703] [INFO] Worker exiting (pid: 19703)
